[handleMsg]:  {
  key: {
    remoteJid: '573182626850@s.whatsapp.net',
    fromMe: false,
    id: '61D2B2880C14B06F56B9CD93C64CEAF4',
    participant: undefined
  },
  messageTimestamp: 1717099368,
  pushName: 'Abjura',
  broadcast: false,
  message: Message {
    conversation: 'Ola',
    messageContextInfo: MessageContextInfo {
      deviceListMetadata: [DeviceListMetadata],
      deviceListMetadataVersion: 2
    }
  },
  body: 'Ola',
  from: '573182626850'
}
[QUEUE_SE_ENVIO]:  {
  ref: 'ans_40da88cc-64f9-44ce-b799-f04d4be91760',
  keyword: 'key_2c5c3123-a464-4690-9f7c-383cc215c096',
  answer: 'Bienvenido al chat bot de Dilan',
  options: {
    media: null,
    buttons: [],
    capture: false,
    child: null,
    delay: 0,
    idle: null,
    ref: null,
    nested: [],
    keyword: {},
    callback: false
  },
  refSerialize: '0c0707ad44ea0c7867bd84e4fbd4f93c'
}
[QUEUE_SE_ENVIO]:  {
  ref: 'ans_c043d4a9-3166-4432-b7ee-0a26e5b0b626',
  keyword: 'ans_40da88cc-64f9-44ce-b799-f04d4be91760',
  answer: 'Escoja una opcion: \nSTOP WORK\nOTRA OPCION\nOTRA OTRA OPCION',
  options: {
    media: null,
    buttons: [],
    capture: false,
    child: null,
    delay: 0,
    idle: null,
    ref: null,
    nested: [ [Object], [Object], [Object], [Object], [Object], [Object] ],
    keyword: {},
    callback: false
  },
  refSerialize: 'c5f79ddab467fce1d4c0c699939217b9'
}
[handleMsg]:  {
  key: {
    remoteJid: '573182626850@s.whatsapp.net',
    fromMe: false,
    id: 'E42956B28C4D5FE5CCAC1FE4B2E98142',
    participant: undefined
  },
  messageTimestamp: 1717099381,
  pushName: 'Abjura',
  broadcast: false,
  message: Message {
    conversation: 'STOP WORK',
    messageContextInfo: MessageContextInfo {
      deviceListMetadata: [DeviceListMetadata],
      deviceListMetadataVersion: 2
    }
  },
  body: 'STOP WORK',
  from: '573182626850'
}
[QUEUE_SE_ENVIO]:  {
  ref: 'ans_4eed3f6a-dc2d-4ce3-b821-ac37d8fe6fae',
  keyword: 'key_46a8e334-bb35-4ed6-b496-65be794c6c14',
  answer: 'STOP WORK',
  options: {
    media: null,
    buttons: [],
    capture: false,
    child: null,
    delay: 0,
    idle: null,
    ref: null,
    nested: [],
    keyword: {},
    callback: false
  },
  refSerialize: '64c1ed2a9a3801c22fb4a7a989b603ab'
}
[handleMsg]:  {
  key: {
    remoteJid: '573182626850@s.whatsapp.net',
    fromMe: false,
    id: '098DD2A6162FE0C966D107D36EE2003B',
    participant: undefined
  },
  messageTimestamp: 1717099393,
  pushName: 'Abjura',
  broadcast: false,
  message: Message {
    conversation: 'OTRA OPCION',
    messageContextInfo: MessageContextInfo {
      deviceListMetadata: [DeviceListMetadata],
      deviceListMetadataVersion: 2
    }
  },
  body: 'OTRA OPCION',
  from: '573182626850'
}
[handleMsg]:  {
  key: {
    remoteJid: '573182626850@s.whatsapp.net',
    fromMe: false,
    id: '94A7CC90DF41BA54142C81EBE46737EE',
    participant: undefined
  },
  messageTimestamp: 1717099433,
  pushName: 'Abjura',
  broadcast: false,
  message: Message {
    conversation: 'Ola',
    messageContextInfo: MessageContextInfo {
      deviceListMetadata: [DeviceListMetadata],
      deviceListMetadataVersion: 2
    }
  },
  body: 'Ola',
  from: '573182626850'
}
[QUEUE_SE_ENVIO]:  {
  ref: 'ans_40da88cc-64f9-44ce-b799-f04d4be91760',
  keyword: 'key_2c5c3123-a464-4690-9f7c-383cc215c096',
  answer: 'Bienvenido al chat bot de Dilan',
  options: {
    media: null,
    buttons: [],
    capture: false,
    child: null,
    delay: 0,
    idle: null,
    ref: null,
    nested: [],
    keyword: {},
    callback: false
  },
  refSerialize: '0c0707ad44ea0c7867bd84e4fbd4f93c'
}
[QUEUE_SE_ENVIO]:  {
  ref: 'ans_c043d4a9-3166-4432-b7ee-0a26e5b0b626',
  keyword: 'ans_40da88cc-64f9-44ce-b799-f04d4be91760',
  answer: 'Escoja una opcion: \nSTOP WORK\nOTRA OPCION\nOTRA OTRA OPCION',
  options: {
    media: null,
    buttons: [],
    capture: false,
    child: null,
    delay: 0,
    idle: null,
    ref: null,
    nested: [ [Object], [Object], [Object], [Object], [Object], [Object] ],
    keyword: {},
    callback: false
  },
  refSerialize: 'c5f79ddab467fce1d4c0c699939217b9'
}
[handleMsg]:  {
  key: {
    remoteJid: '573182626850@s.whatsapp.net',
    fromMe: false,
    id: 'E06329EFC1F4B0C9E721D787A016765C',
    participant: undefined
  },
  messageTimestamp: 1717099436,
  pushName: 'Abjura',
  broadcast: false,
  message: Message {
    conversation: '2',
    messageContextInfo: MessageContextInfo {
      deviceListMetadata: [DeviceListMetadata],
      deviceListMetadataVersion: 2
    }
  },
  body: '2',
  from: '573182626850'
}
[QUEUE_SE_ENVIO]:  {
  ref: 'ans_ee30ef31-2d22-44b2-a270-1e85e19aef69',
  keyword: 'key_273b9514-7860-43f6-a9bf-f7321215b111',
  answer: 'OTRA OPCION',
  options: {
    media: null,
    buttons: [],
    capture: false,
    child: null,
    delay: 0,
    idle: null,
    ref: null,
    nested: [],
    keyword: {},
    callback: false
  },
  refSerialize: '151ba5d011e8c54c51de89f7086f4152'
}
[handleMsg]:  {
  key: {
    remoteJid: '573182626850@s.whatsapp.net',
    fromMe: false,
    id: 'F4C168DA4E818B26AD8D00D2D6062187',
    participant: undefined
  },
  messageTimestamp: 1717099440,
  pushName: 'Abjura',
  broadcast: false,
  message: Message {
    conversation: '3',
    messageContextInfo: MessageContextInfo {
      deviceListMetadata: [DeviceListMetadata],
      deviceListMetadataVersion: 2
    }
  },
  body: '3',
  from: '573182626850'
}
