573182626850:ENCOLADO ans_6b57534c-8421-4c0c-86db-4ec8adf869e3
EJECUTANDO:ans_6b57534c-8421-4c0c-86db-4ec8adf869e3
573182626850:SUCCESS
573182626850:ENCOLADO ans_2695a557-adfd-464c-8938-4980c8e5d427
EJECUTANDO:ans_2695a557-adfd-464c-8938-4980c8e5d427
573182626850:SUCCESS
573182626850:ENCOLADO ans_d498a85f-b7ad-4c91-a6ec-235efa30ab03
EJECUTANDO:ans_d498a85f-b7ad-4c91-a6ec-235efa30ab03
573182626850:SUCCESS
573182626850:ENCOLADO ans_6b57534c-8421-4c0c-86db-4ec8adf869e3
EJECUTANDO:ans_6b57534c-8421-4c0c-86db-4ec8adf869e3
573182626850:SUCCESS
573182626850:ENCOLADO ans_2695a557-adfd-464c-8938-4980c8e5d427
EJECUTANDO:ans_2695a557-adfd-464c-8938-4980c8e5d427
573182626850:SUCCESS
573173242675:ENCOLADO ans_6b57534c-8421-4c0c-86db-4ec8adf869e3
EJECUTANDO:ans_6b57534c-8421-4c0c-86db-4ec8adf869e3
573173242675:SUCCESS
573173242675:ENCOLADO ans_2695a557-adfd-464c-8938-4980c8e5d427
EJECUTANDO:ans_2695a557-adfd-464c-8938-4980c8e5d427
573173242675:SUCCESS
573173242675:ENCOLADO ans_d498a85f-b7ad-4c91-a6ec-235efa30ab03
EJECUTANDO:ans_d498a85f-b7ad-4c91-a6ec-235efa30ab03
573173242675:SUCCESS
573173242675:ENCOLADO ans_6b57534c-8421-4c0c-86db-4ec8adf869e3
EJECUTANDO:ans_6b57534c-8421-4c0c-86db-4ec8adf869e3
573173242675:SUCCESS
573173242675:ENCOLADO ans_2695a557-adfd-464c-8938-4980c8e5d427
EJECUTANDO:ans_2695a557-adfd-464c-8938-4980c8e5d427
573173242675:SUCCESS
573173242675:ENCOLADO ans_6b57534c-8421-4c0c-86db-4ec8adf869e3
EJECUTANDO:ans_6b57534c-8421-4c0c-86db-4ec8adf869e3
573173242675:SUCCESS
573173242675:ENCOLADO ans_2695a557-adfd-464c-8938-4980c8e5d427
EJECUTANDO:ans_2695a557-adfd-464c-8938-4980c8e5d427
573173242675:SUCCESS
